<?xml version="1.0" encoding="UTF-8"?>
<!-- Generated by org.testng.reporters.JUnitReportReporter -->
<testsuite hostname="ASDP1534PO01976" name="com.qait.automation.DataProviderTesting.DataProviderWithExcel_001" tests="10" failures="0" timestamp="23 Jul 2018 11:44:18 GMT" time="0.013" errors="0">
  <testcase name="Registration_data" time="0.000" classname="com.qait.automation.DataProviderTesting.DataProviderWithExcel_001"/>
  <testcase name="Registration_data" time="0.001" classname="com.qait.automation.DataProviderTesting.DataProviderWithExcel_001"/>
  <testcase name="Registration_data" time="0.006" classname="com.qait.automation.DataProviderTesting.DataProviderWithExcel_001"/>
  <testcase name="Registration_data" time="0.000" classname="com.qait.automation.DataProviderTesting.DataProviderWithExcel_001"/>
  <testcase name="Registration_data" time="0.001" classname="com.qait.automation.DataProviderTesting.DataProviderWithExcel_001"/>
  <testcase name="Registration_data" time="0.001" classname="com.qait.automation.DataProviderTesting.DataProviderWithExcel_001"/>
  <testcase name="Registration_data" time="0.001" classname="com.qait.automation.DataProviderTesting.DataProviderWithExcel_001"/>
  <testcase name="Registration_data" time="0.001" classname="com.qait.automation.DataProviderTesting.DataProviderWithExcel_001"/>
  <testcase name="Registration_data" time="0.001" classname="com.qait.automation.DataProviderTesting.DataProviderWithExcel_001"/>
  <testcase name="Registration_data" time="0.001" classname="com.qait.automation.DataProviderTesting.DataProviderWithExcel_001"/>
</testsuite> <!-- com.qait.automation.DataProviderTesting.DataProviderWithExcel_001 -->
